2026-02-12 11:18:43 - ===== INICIO JOB ASAAS VENCIDOS =====
2026-02-12 11:18:44 - Erro API: 401 - {"errors":[{"code":"invalid_access_token","description":"A chave de API fornecida é inválida"}]}
2026-02-12 11:27:28 - ===== INICIO JOB ASAAS VENCIDOS =====
2026-02-12 11:27:30 - Qtd vencidos encontrados: 43
2026-02-12 11:27:31 - Arquivo gerado: vencidos_20260212_112730.xlsx | Registros: 43
2026-02-12 11:27:31 - ===== FIM JOB ASAAS VENCIDOS =====
2026-02-12 16:59:21 - ===== INICIO JOB ASAAS VENCIDOS =====
2026-02-12 16:59:22 - Erro API: 401 - {"errors":[{"code":"invalid_access_token","description":"A chave de API fornecida é inválida"}]}
2026-02-12 17:20:24 - ===== INICIO JOB ASAAS VENCIDOS =====
2026-02-12 17:20:25 - Erro API: 404 - <!doctype html><html lang="pt"><head><title>HTTP Status 404 – Não Encontrado</title><style type="text/css">body {font-family:Tahoma,Arial,sans-serif;} h1, h2, h3, b {color:white;background-color:#525D76;} h1 {font-size:22px;} h2 {font-size:16px;} h3 {font-size:14px;} p {font-size:12px;} a {color:black;} .line {height:1px;background-color:#525D76;border:none;}</style></head><body><h1>HTTP Status 404 – Não Encontrado</h1></body></html>
2026-02-12 17:23:06 - ===== INICIO JOB ASAAS VENCIDOS =====
2026-02-12 17:23:06 - Erro API: 401 - {"errors":[{"code":"invalid_access_token","description":"A chave de API fornecida é inválida"}]}
2026-02-12 17:26:03 - ===== INICIO JOB ASAAS VENCIDOS =====
2026-02-12 17:26:03 - Erro API: 401 - {"errors":[{"code":"invalid_access_token","description":"A chave de API fornecida é inválida"}]}
2026-02-12 17:33:34 - ===== INICIO JOB ASAAS VENCIDOS =====
2026-02-12 17:46:17 - ===== INICIO JOB ASAAS VENCIDOS =====
2026-02-12 17:46:21 - Qtd vencidos encontrados: 42
2026-02-12 17:46:21 - Arquivo gerado: vencidos_20260212_174621.xlsx | Registros: 42
2026-02-12 17:49:04 - ===== INICIO JOB ASAAS VENCIDOS =====
2026-02-12 17:49:06 - Qtd vencidos encontrados: 42
2026-02-12 17:49:06 - Arquivo gerado: vencidos_20260212_174906.xlsx | Registros: 42
2026-02-12 17:49:12 - E-mail enviado com anexo.
2026-02-12 17:49:12 - ===== FIM JOB ASAAS VENCIDOS =====
2026-02-12 17:57:25 - ===== INICIO JOB ASAAS VENCIDOS =====
2026-02-12 17:57:27 - Qtd vencidos encontrados: 42
2026-02-12 17:57:27 - Arquivo gerado: vencidos_20260212_175727.xlsx | Registros: 42
2026-02-12 17:57:32 - E-mail enviado com anexo.
2026-02-12 17:57:32 - ===== FIM JOB ASAAS VENCIDOS =====
2026-02-13 08:32:20 - ===== INICIO JOB ASAAS VENCIDOS =====
2026-02-13 08:32:22 - Qtd vencidos encontrados: 41
2026-02-13 08:32:22 - Arquivo gerado: vencidos_20260213_083222.xlsx | Registros: 41
2026-02-13 08:32:27 - E-mail enviado com anexo.
2026-02-13 08:32:27 - ===== FIM JOB ASAAS VENCIDOS =====
